app/build/intermediates/manifest_merge_blame_file/debug/manifest-merger-blame-debug-report.txt
1<?xml version="1.0" encoding="utf-8"?>
2<manifest xmlns:android="http://schemas.android.com/apk/res/android"
3    package="com.vault" >
4
5    <uses-sdk
6        android:minSdkVersion="24"
7        android:targetSdkVersion="34" />
8
9    <application
9-->src\main\AndroidManifest.xml:5:5-22:19
10        android:debuggable="true"
11        android:extractNativeLibs="false"
12        android:label="Secure Vault"
12-->src\main\AndroidManifest.xml:6:9-37
13        android:theme="@android:style/Theme.Material.Light" >
13-->src\main\AndroidManifest.xml:7:9-60
14        <activity
14-->src\main\AndroidManifest.xml:9:9-15:20
15            android:name="com.vault.MainActivity"
15-->src\main\AndroidManifest.xml:9:19-47
16            android:exported="true" >
16-->src\main\AndroidManifest.xml:10:13-36
17            <intent-filter>
17-->src\main\AndroidManifest.xml:11:13-14:29
18                <action android:name="android.intent.action.MAIN" />
18-->src\main\AndroidManifest.xml:12:17-69
18-->src\main\AndroidManifest.xml:12:25-66
19
20                <category android:name="android.intent.category.LAUNCHER" />
20-->src\main\AndroidManifest.xml:13:17-77
20-->src\main\AndroidManifest.xml:13:27-74
21            </intent-filter>
22        </activity>
23
24        <service
24-->src\main\AndroidManifest.xml:17:9-20:40
25            android:name="com.vault.VaultService"
25-->src\main\AndroidManifest.xml:18:13-41
26            android:exported="false"
26-->src\main\AndroidManifest.xml:20:13-37
27            android:process=":secure_vault_process" />
27-->src\main\AndroidManifest.xml:19:13-52
28    </application>
29
30</manifest>